
> luna-ppt@1.0.0 dev:ui
> vite

5:36:46 PM [vite] (client) Re-optimizing dependencies because vite config has changed

  VITE v8.0.3  ready in 255 ms

  ➜  Local:   http://localhost:5173/
  ➜  Network: use --host to expose
5:39:04 PM [vite] (client) hmr update /src/views/TemplatesView.vue
5:39:13 PM [vite] (client) hmr update /src/views/TemplatesView.vue
5:40:15 PM [vite] (client) hmr update /src/views/TemplatesView.vue?vue&type=style&index=0&scoped=fd223622&lang.css
5:40:28 PM [vite] (client) hmr update /src/views/TemplatesView.vue?vue&type=style&index=0&scoped=fd223622&lang.css
5:40:37 PM [vite] (client) hmr update /src/views/TemplatesView.vue?vue&type=style&index=0&scoped=fd223622&lang.css
5:40:53 PM [vite] (client) hmr update /src/views/TemplatesView.vue
5:44:30 PM [vite] (client) [console.warn] [Vue warn]: Unhandled error during execution of render function 
  at <BaseTransition onAfterEnter=fn<handleOpen> onAfterLeave=fn<handleClose> appear=true  ... > 
  at <Transition name="zoom-modal" appear="" onAfterEnter=fn<handleOpen>  ... > 
  at <ClientOnly> 
  at <Modal visible=false onUpdate:visible=fn width=680  ... > 
  at <TemplatesView onVnodeUnmounted=fn<onVnodeUnmounted> ref=Ref< {} > > 
  at <BaseTransition mode="out-in" appear=false persisted=false  ... > 
  at <Transition name="page" mode="out-in" > 
  at <RouterView> 
  at <Layout class="app-content" > 
  at <Layout class="app-shell" > 
  at <App>
5:44:30 PM [vite] (client) [console.warn] [Vue warn]: Unhandled error during execution of component update 
  at <BaseTransition onAfterEnter=fn<handleOpen> onAfterLeave=fn<handleClose> appear=true  ... > 
  at <Transition name="zoom-modal" appear="" onAfterEnter=fn<handleOpen>  ... > 
  at <ClientOnly> 
  at <Modal visible=false onUpdate:visible=fn width=680  ... > 
  at <TemplatesView onVnodeUnmounted=fn<onVnodeUnmounted> ref=Ref< {} > > 
  at <BaseTransition mode="out-in" appear=false persisted=false  ... > 
  at <Transition name="page" mode="out-in" > 
  at <RouterView> 
  at <Layout class="app-content" > 
  at <Layout class="app-shell" > 
  at <App>
5:44:30 PM [vite] (client) [Unhandled rejection] TypeError: Cannot read properties of undefined (reading 'length')
 > src/views/TemplatesView.vue:139:70
    137 |                  <h2 class="modal-title">{{ previewItem.name }}</h2>
    138 |                  <div class="modal-meta">
    139 |                    <span class="modal-badge-tag">{{ previewItem.slides.length }} 张幻灯片</span>
        |                                                                        ^
    140 |                    <span class="modal-badge-tag">{{ previewItem.duration }}</span>
    141 |                  </div>
 > renderFnWithContext ../node_modules/@vue/runtime-core/dist/runtime-core.esm-bundler.js:702:12
 > renderSlot ../node_modules/@vue/runtime-core/dist/runtime-core.esm-bundler.js:3262:52
 > ../node_modules/@arco-design/web-vue/es/modal/modal.js:104:20
 > Proxy.renderFnWithContext ../node_modules/@vue/runtime-core/dist/runtime-core.esm-bundler.js:702:12
 > Proxy.<anonymous> ../node_modules/@vue/runtime-core/dist/runtime-core.esm-bundler.js:1371:71
 > renderComponentRoot ../node_modules/@vue/runtime-core/dist/runtime-core.esm-bundler.js:4558:15
 > ReactiveEffect.componentUpdateFn [as fn] ../node_modules/@vue/runtime-core/dist/runtime-core.esm-bundler.js:6196:25
 > ReactiveEffect.run ../node_modules/@vue/reactivity/dist/reactivity.esm-bundler.js:239:18
 > ReactiveEffect.runIfDirty ../node_modules/@vue/reactivity/dist/reactivity.esm-bundler.js:277:11

5:45:27 PM [vite] (client) [console.warn] [Vue warn]: Unhandled error during execution of render function 
  at <BaseTransition onAfterEnter=fn<handleOpen> onAfterLeave=fn<handleClose> appear=true  ... > 
  at <Transition name="zoom-modal" appear="" onAfterEnter=fn<handleOpen>  ... > 
  at <ClientOnly> 
  at <Modal visible=false onUpdate:visible=fn width=680  ... > 
  at <TemplatesView onVnodeUnmounted=fn<onVnodeUnmounted> ref=Ref< {} > > 
  at <BaseTransition mode="out-in" appear=false persisted=false  ... > 
  at <Transition name="page" mode="out-in" > 
  at <RouterView> 
  at <Layout class="app-content" > 
  at <Layout class="app-shell" > 
  at <App>
5:45:27 PM [vite] (client) [console.warn] [Vue warn]: Unhandled error during execution of component update 
  at <BaseTransition onAfterEnter=fn<handleOpen> onAfterLeave=fn<handleClose> appear=true  ... > 
  at <Transition name="zoom-modal" appear="" onAfterEnter=fn<handleOpen>  ... > 
  at <ClientOnly> 
  at <Modal visible=false onUpdate:visible=fn width=680  ... > 
  at <TemplatesView onVnodeUnmounted=fn<onVnodeUnmounted> ref=Ref< {} > > 
  at <BaseTransition mode="out-in" appear=false persisted=false  ... > 
  at <Transition name="page" mode="out-in" > 
  at <RouterView> 
  at <Layout class="app-content" > 
  at <Layout class="app-shell" > 
  at <App>
5:45:27 PM [vite] (client) [Unhandled rejection] TypeError: Cannot read properties of undefined (reading 'length')
 > src/views/TemplatesView.vue:139:70
    137 |                  <h2 class="modal-title">{{ previewItem.name }}</h2>
    138 |                  <div class="modal-meta">
    139 |                    <span class="modal-badge-tag">{{ previewItem.slides.length }} 张幻灯片</span>
        |                                                                        ^
    140 |                    <span class="modal-badge-tag">{{ previewItem.duration }}</span>
    141 |                  </div>
 > renderFnWithContext ../node_modules/@vue/runtime-core/dist/runtime-core.esm-bundler.js:702:12
 > renderSlot ../node_modules/@vue/runtime-core/dist/runtime-core.esm-bundler.js:3262:52
 > ../node_modules/@arco-design/web-vue/es/modal/modal.js:104:20
 > Proxy.renderFnWithContext ../node_modules/@vue/runtime-core/dist/runtime-core.esm-bundler.js:702:12
 > Proxy.<anonymous> ../node_modules/@vue/runtime-core/dist/runtime-core.esm-bundler.js:1371:71
 > renderComponentRoot ../node_modules/@vue/runtime-core/dist/runtime-core.esm-bundler.js:4558:15
 > ReactiveEffect.componentUpdateFn [as fn] ../node_modules/@vue/runtime-core/dist/runtime-core.esm-bundler.js:6196:25
 > ReactiveEffect.run ../node_modules/@vue/reactivity/dist/reactivity.esm-bundler.js:239:18
 > ReactiveEffect.runIfDirty ../node_modules/@vue/reactivity/dist/reactivity.esm-bundler.js:277:11

5:45:32 PM [vite] (client) hmr update /src/views/TemplatesView.vue, /src/views/TemplatesView.vue?vue&type=style&index=0&scoped=fd223622&lang.css
5:45:54 PM [vite] (client) hmr update /src/views/TemplatesView.vue
5:46:07 PM [vite] (client) hmr update /src/views/TemplatesView.vue?vue&type=style&index=0&scoped=fd223622&lang.css
5:47:26 PM [vite] (client) [console.warn] [Vue warn]: Unhandled error during execution of render function 
  at <BaseTransition onAfterEnter=fn<handleOpen> onAfterLeave=fn<handleClose> appear=true  ... > 
  at <Transition name="zoom-modal" appear="" onAfterEnter=fn<handleOpen>  ... > 
  at <ClientOnly> 
  at <Modal visible=false onUpdate:visible=fn width=800  ... > 
  at <TemplatesView onVnodeUnmounted=fn<onVnodeUnmounted> ref=Ref< {} > > 
  at <BaseTransition mode="out-in" appear=false persisted=false  ... > 
  at <Transition name="page" mode="out-in" > 
  at <RouterView> 
  at <Layout class="app-content" > 
  at <Layout class="app-shell" > 
  at <App>
5:47:26 PM [vite] (client) [console.warn] [Vue warn]: Unhandled error during execution of component update 
  at <BaseTransition onAfterEnter=fn<handleOpen> onAfterLeave=fn<handleClose> appear=true  ... > 
  at <Transition name="zoom-modal" appear="" onAfterEnter=fn<handleOpen>  ... > 
  at <ClientOnly> 
  at <Modal visible=false onUpdate:visible=fn width=800  ... > 
  at <TemplatesView onVnodeUnmounted=fn<onVnodeUnmounted> ref=Ref< {} > > 
  at <BaseTransition mode="out-in" appear=false persisted=false  ... > 
  at <Transition name="page" mode="out-in" > 
  at <RouterView> 
  at <Layout class="app-content" > 
  at <Layout class="app-shell" > 
  at <App>
5:47:26 PM [vite] (client) [Unhandled rejection] TypeError: Cannot read properties of undefined (reading 'length')
 > src/views/TemplatesView.vue?t=1775382354805:676:113
 > renderFnWithContext ../node_modules/@vue/runtime-core/dist/runtime-core.esm-bundler.js:702:12
 > renderSlot ../node_modules/@vue/runtime-core/dist/runtime-core.esm-bundler.js:3262:52
 > ../node_modules/@arco-design/web-vue/es/modal/modal.js:104:20
 > Proxy.renderFnWithContext ../node_modules/@vue/runtime-core/dist/runtime-core.esm-bundler.js:702:12
 > Proxy.<anonymous> ../node_modules/@vue/runtime-core/dist/runtime-core.esm-bundler.js:1371:71
 > renderComponentRoot ../node_modules/@vue/runtime-core/dist/runtime-core.esm-bundler.js:4558:15
 > ReactiveEffect.componentUpdateFn [as fn] ../node_modules/@vue/runtime-core/dist/runtime-core.esm-bundler.js:6196:25
 > ReactiveEffect.run ../node_modules/@vue/reactivity/dist/reactivity.esm-bundler.js:239:18
 > ReactiveEffect.runIfDirty ../node_modules/@vue/reactivity/dist/reactivity.esm-bundler.js:277:11

5:48:11 PM [vite] (client) hmr update /src/views/TemplatesView.vue
5:48:20 PM [vite] (client) hmr update /src/views/TemplatesView.vue?vue&type=style&index=0&scoped=fd223622&lang.css
5:48:43 PM [vite] (client) hmr update /src/views/TemplatesView.vue?vue&type=style&index=0&scoped=fd223622&lang.css
5:50:21 PM [vite] (client) hmr update /src/views/TemplatesView.vue?vue&type=style&index=0&scoped=fd223622&lang.css
5:50:59 PM [vite] (client) hmr update /src/views/TemplatesView.vue
5:51:13 PM [vite] (client) hmr update /src/views/TemplatesView.vue?vue&type=style&index=0&scoped=fd223622&lang.css
5:52:36 PM [vite] (client) hmr update /src/views/TemplatesView.vue
5:52:47 PM [vite] (client) hmr update /src/views/TemplatesView.vue?vue&type=style&index=0&scoped=fd223622&lang.css
5:53:57 PM [vite] (client) hmr update /src/views/TemplatesView.vue?vue&type=style&index=1&lang.css
5:54:17 PM [vite] (client) [console.warn] [Vue warn]: Unhandled error during execution of render function 
  at <BaseTransition onAfterEnter=fn<handleOpen> onAfterLeave=fn<handleClose> appear=true  ... > 
  at <Transition name="zoom-modal" appear="" onAfterEnter=fn<handleOpen>  ... > 
  at <ClientOnly> 
  at <Modal visible=false onUpdate:visible=fn width=800  ... > 
  at <TemplatesView onVnodeUnmounted=fn<onVnodeUnmounted> ref=Ref< {} > > 
  at <BaseTransition mode="out-in" appear=false persisted=false  ... > 
  at <Transition name="page" mode="out-in" > 
  at <RouterView> 
  at <Layout class="app-content" > 
  at <Layout class="app-shell" > 
  at <App>
5:54:17 PM [vite] (client) [console.warn] [Vue warn]: Unhandled error during execution of component update 
  at <BaseTransition onAfterEnter=fn<handleOpen> onAfterLeave=fn<handleClose> appear=true  ... > 
  at <Transition name="zoom-modal" appear="" onAfterEnter=fn<handleOpen>  ... > 
  at <ClientOnly> 
  at <Modal visible=false onUpdate:visible=fn width=800  ... > 
  at <TemplatesView onVnodeUnmounted=fn<onVnodeUnmounted> ref=Ref< {} > > 
  at <BaseTransition mode="out-in" appear=false persisted=false  ... > 
  at <Transition name="page" mode="out-in" > 
  at <RouterView> 
  at <Layout class="app-content" > 
  at <Layout class="app-shell" > 
  at <App>
5:54:17 PM [vite] (client) [Unhandled rejection] TypeError: Cannot read properties of undefined (reading '1')
 > src/views/TemplatesView.vue?t=1775382756403:767:150
 > renderFnWithContext ../node_modules/@vue/runtime-core/dist/runtime-core.esm-bundler.js:702:12
 > renderSlot ../node_modules/@vue/runtime-core/dist/runtime-core.esm-bundler.js:3262:52
 > ../node_modules/@arco-design/web-vue/es/modal/modal.js:104:20
 > Proxy.renderFnWithContext ../node_modules/@vue/runtime-core/dist/runtime-core.esm-bundler.js:702:12
 > Proxy.<anonymous> ../node_modules/@vue/runtime-core/dist/runtime-core.esm-bundler.js:1371:71
 > renderComponentRoot ../node_modules/@vue/runtime-core/dist/runtime-core.esm-bundler.js:4558:15
 > ReactiveEffect.componentUpdateFn [as fn] ../node_modules/@vue/runtime-core/dist/runtime-core.esm-bundler.js:6196:25
 > ReactiveEffect.run ../node_modules/@vue/reactivity/dist/reactivity.esm-bundler.js:239:18
 > ReactiveEffect.runIfDirty ../node_modules/@vue/reactivity/dist/reactivity.esm-bundler.js:277:11

5:54:50 PM [vite] (client) hmr update /src/views/TemplatesView.vue?vue&type=style&index=0&scoped=fd223622&lang.css, /src/views/TemplatesView.vue?vue&type=style&index=1&lang.css
5:54:50 PM [vite] (client) hmr update /src/views/TemplatesView.vue?vue&type=style&index=0&scoped=fd223622&lang.css
5:55:17 PM [vite] (client) hmr update /src/views/TemplatesView.vue?vue&type=style&index=1&lang.css
5:56:01 PM [vite] (client) hmr update /src/views/TemplatesView.vue?vue&type=style&index=0&scoped=fd223622&lang.css
5:57:07 PM [vite] (client) hmr update /src/views/TemplatesView.vue?vue&type=style&index=1&lang.css
5:57:56 PM [vite] (client) hmr update /src/views/TemplatesView.vue?vue&type=style&index=1&lang.css
5:58:29 PM [vite] (client) [console.warn] [Vue warn]: Unhandled error during execution of render function 
  at <BaseTransition onAfterEnter=fn<handleOpen> onAfterLeave=fn<handleClose> appear=true  ... > 
  at <Transition name="zoom-modal" appear="" onAfterEnter=fn<handleOpen>  ... > 
  at <ClientOnly> 
  at <Modal visible=false onUpdate:visible=fn width=800  ... > 
  at <TemplatesView onVnodeUnmounted=fn<onVnodeUnmounted> ref=Ref< {} > > 
  at <BaseTransition mode="out-in" appear=false persisted=false  ... > 
  at <Transition name="page" mode="out-in" > 
  at <RouterView> 
  at <Layout class="app-content" > 
  at <Layout class="app-shell" > 
  at <App>
5:58:29 PM [vite] (client) [console.warn] [Vue warn]: Unhandled error during execution of component update 
  at <BaseTransition onAfterEnter=fn<handleOpen> onAfterLeave=fn<handleClose> appear=true  ... > 
  at <Transition name="zoom-modal" appear="" onAfterEnter=fn<handleOpen>  ... > 
  at <ClientOnly> 
  at <Modal visible=false onUpdate:visible=fn width=800  ... > 
  at <TemplatesView onVnodeUnmounted=fn<onVnodeUnmounted> ref=Ref< {} > > 
  at <BaseTransition mode="out-in" appear=false persisted=false  ... > 
  at <Transition name="page" mode="out-in" > 
  at <RouterView> 
  at <Layout class="app-content" > 
  at <Layout class="app-shell" > 
  at <App>
5:58:29 PM [vite] (client) [Unhandled rejection] TypeError: Cannot read properties of undefined (reading '1')
 > src/views/TemplatesView.vue:208:143
    206 |                  </div>
    207 |                </div>
    208 |  ...ient(135deg, ${previewItem.primary} 0%, ${previewItem.colors[1]} 100%)` }" />
        |                                                                 ^
    209 |              </div>
    210 |  
 > renderFnWithContext ../node_modules/@vue/runtime-core/dist/runtime-core.esm-bundler.js:702:12
 > renderSlot ../node_modules/@vue/runtime-core/dist/runtime-core.esm-bundler.js:3262:52
 > ../node_modules/@arco-design/web-vue/es/modal/modal.js:104:20
 > Proxy.renderFnWithContext ../node_modules/@vue/runtime-core/dist/runtime-core.esm-bundler.js:702:12
 > Proxy.<anonymous> ../node_modules/@vue/runtime-core/dist/runtime-core.esm-bundler.js:1371:71
 > renderComponentRoot ../node_modules/@vue/runtime-core/dist/runtime-core.esm-bundler.js:4558:15
 > ReactiveEffect.componentUpdateFn [as fn] ../node_modules/@vue/runtime-core/dist/runtime-core.esm-bundler.js:6196:25
 > ReactiveEffect.run ../node_modules/@vue/reactivity/dist/reactivity.esm-bundler.js:239:18
 > ReactiveEffect.runIfDirty ../node_modules/@vue/reactivity/dist/reactivity.esm-bundler.js:277:11

5:59:16 PM [vite] (client) hmr update /src/views/TemplatesView.vue?vue&type=style&index=0&scoped=fd223622&lang.css
5:59:36 PM [vite] (client) [console.warn] [Vue warn]: Unhandled error during execution of render function 
  at <BaseTransition onAfterEnter=fn<handleOpen> onAfterLeave=fn<handleClose> appear=true  ... > 
  at <Transition name="zoom-modal" appear="" onAfterEnter=fn<handleOpen>  ... > 
  at <ClientOnly> 
  at <Modal visible=false onUpdate:visible=fn width=800  ... > 
  at <TemplatesView onVnodeUnmounted=fn<onVnodeUnmounted> ref=Ref< {} > > 
  at <BaseTransition mode="out-in" appear=false persisted=false  ... > 
  at <Transition name="page" mode="out-in" > 
  at <RouterView> 
  at <Layout class="app-content" > 
  at <Layout class="app-shell" > 
  at <App>
5:59:36 PM [vite] (client) [console.warn] [Vue warn]: Unhandled error during execution of component update 
  at <BaseTransition onAfterEnter=fn<handleOpen> onAfterLeave=fn<handleClose> appear=true  ... > 
  at <Transition name="zoom-modal" appear="" onAfterEnter=fn<handleOpen>  ... > 
  at <ClientOnly> 
  at <Modal visible=false onUpdate:visible=fn width=800  ... > 
  at <TemplatesView onVnodeUnmounted=fn<onVnodeUnmounted> ref=Ref< {} > > 
  at <BaseTransition mode="out-in" appear=false persisted=false  ... > 
  at <Transition name="page" mode="out-in" > 
  at <RouterView> 
  at <Layout class="app-content" > 
  at <Layout class="app-shell" > 
  at <App>
5:59:37 PM [vite] (client) [Unhandled rejection] TypeError: Cannot read properties of undefined (reading 'length')
 > src/views/TemplatesView.vue:139:70
    137 |                  <h2 class="modal-title">{{ previewItem.name }}</h2>
    138 |                  <div class="modal-meta">
    139 |                    <span class="modal-badge-tag">{{ previewItem.slides.length }} 张幻灯片</span>
        |                                                                        ^
    140 |                    <span class="modal-badge-tag">{{ previewItem.duration }}</span>
    141 |                  </div>
 > renderFnWithContext ../node_modules/@vue/runtime-core/dist/runtime-core.esm-bundler.js:702:12
 > renderSlot ../node_modules/@vue/runtime-core/dist/runtime-core.esm-bundler.js:3262:52
 > ../node_modules/@arco-design/web-vue/es/modal/modal.js:104:20
 > Proxy.renderFnWithContext ../node_modules/@vue/runtime-core/dist/runtime-core.esm-bundler.js:702:12
 > Proxy.<anonymous> ../node_modules/@vue/runtime-core/dist/runtime-core.esm-bundler.js:1371:71
 > renderComponentRoot ../node_modules/@vue/runtime-core/dist/runtime-core.esm-bundler.js:4558:15
 > ReactiveEffect.componentUpdateFn [as fn] ../node_modules/@vue/runtime-core/dist/runtime-core.esm-bundler.js:6196:25
 > ReactiveEffect.run ../node_modules/@vue/reactivity/dist/reactivity.esm-bundler.js:239:18
 > ReactiveEffect.runIfDirty ../node_modules/@vue/reactivity/dist/reactivity.esm-bundler.js:277:11

5:59:59 PM [vite] (client) hmr update /src/views/TemplatesView.vue
6:00:15 PM [vite] (client) hmr update /src/views/TemplatesView.vue?vue&type=style&index=0&scoped=fd223622&lang.css
6:00:45 PM [vite] (client) [console.warn] [Vue warn]: Unhandled error during execution of render function 
  at <BaseTransition onAfterEnter=fn<handleOpen> onAfterLeave=fn<handleClose> appear=true  ... > 
  at <Transition name="zoom-modal" appear="" onAfterEnter=fn<handleOpen>  ... > 
  at <ClientOnly> 
  at <Modal visible=false onUpdate:visible=fn width=800  ... > 
  at <TemplatesView onVnodeUnmounted=fn<onVnodeUnmounted> ref=Ref< {} > > 
  at <BaseTransition mode="out-in" appear=false persisted=false  ... > 
  at <Transition name="page" mode="out-in" > 
  at <RouterView> 
  at <Layout class="app-content" > 
  at <Layout class="app-shell" > 
  at <App>
6:00:45 PM [vite] (client) [console.warn] [Vue warn]: Unhandled error during execution of component update 
  at <BaseTransition onAfterEnter=fn<handleOpen> onAfterLeave=fn<handleClose> appear=true  ... > 
  at <Transition name="zoom-modal" appear="" onAfterEnter=fn<handleOpen>  ... > 
  at <ClientOnly> 
  at <Modal visible=false onUpdate:visible=fn width=800  ... > 
  at <TemplatesView onVnodeUnmounted=fn<onVnodeUnmounted> ref=Ref< {} > > 
  at <BaseTransition mode="out-in" appear=false persisted=false  ... > 
  at <Transition name="page" mode="out-in" > 
  at <RouterView> 
  at <Layout class="app-content" > 
  at <Layout class="app-shell" > 
  at <App>
6:00:45 PM [vite] (client) [Unhandled rejection] TypeError: Cannot read properties of undefined (reading '1')
 > src/views/TemplatesView.vue?t=1775383199449:778:150
 > renderFnWithContext ../node_modules/@vue/runtime-core/dist/runtime-core.esm-bundler.js:702:12
 > renderSlot ../node_modules/@vue/runtime-core/dist/runtime-core.esm-bundler.js:3262:52
 > ../node_modules/@arco-design/web-vue/es/modal/modal.js:104:20
 > Proxy.renderFnWithContext ../node_modules/@vue/runtime-core/dist/runtime-core.esm-bundler.js:702:12
 > Proxy.<anonymous> ../node_modules/@vue/runtime-core/dist/runtime-core.esm-bundler.js:1371:71
 > renderComponentRoot ../node_modules/@vue/runtime-core/dist/runtime-core.esm-bundler.js:4558:15
 > ReactiveEffect.componentUpdateFn [as fn] ../node_modules/@vue/runtime-core/dist/runtime-core.esm-bundler.js:6196:25
 > ReactiveEffect.run ../node_modules/@vue/reactivity/dist/reactivity.esm-bundler.js:239:18
 > ReactiveEffect.runIfDirty ../node_modules/@vue/reactivity/dist/reactivity.esm-bundler.js:277:11

6:01:01 PM [vite] (client) hmr update /src/views/TemplatesView.vue?vue&type=style&index=0&scoped=fd223622&lang.css
6:01:14 PM [vite] (client) hmr update /src/views/TemplatesView.vue?vue&type=style&index=0&scoped=fd223622&lang.css
6:01:20 PM [vite] (client) hmr update /src/views/TemplatesView.vue?vue&type=style&index=0&scoped=fd223622&lang.css
6:01:26 PM [vite] (client) hmr update /src/views/TemplatesView.vue?vue&type=style&index=0&scoped=fd223622&lang.css
6:01:32 PM [vite] (client) hmr update /src/views/TemplatesView.vue?vue&type=style&index=0&scoped=fd223622&lang.css
6:01:41 PM [vite] (client) hmr update /src/views/TemplatesView.vue
6:02:29 PM [vite] (client) [console.warn] [Vue warn]: Unhandled error during execution of render function 
  at <BaseTransition onAfterEnter=fn<handleOpen> onAfterLeave=fn<handleClose> appear=true  ... > 
  at <Transition name="zoom-modal" appear="" onAfterEnter=fn<handleOpen>  ... > 
  at <ClientOnly> 
  at <Modal visible=false onUpdate:visible=fn width=800  ... > 
  at <TemplatesView onVnodeUnmounted=fn<onVnodeUnmounted> ref=Ref< {} > > 
  at <BaseTransition mode="out-in" appear=false persisted=false  ... > 
  at <Transition name="page" mode="out-in" > 
  at <RouterView> 
  at <Layout class="app-content" > 
  at <Layout class="app-shell" > 
  at <App>
6:02:29 PM [vite] (client) [console.warn] [Vue warn]: Unhandled error during execution of component update 
  at <BaseTransition onAfterEnter=fn<handleOpen> onAfterLeave=fn<handleClose> appear=true  ... > 
  at <Transition name="zoom-modal" appear="" onAfterEnter=fn<handleOpen>  ... > 
  at <ClientOnly> 
  at <Modal visible=false onUpdate:visible=fn width=800  ... > 
  at <TemplatesView onVnodeUnmounted=fn<onVnodeUnmounted> ref=Ref< {} > > 
  at <BaseTransition mode="out-in" appear=false persisted=false  ... > 
  at <Transition name="page" mode="out-in" > 
  at <RouterView> 
  at <Layout class="app-content" > 
  at <Layout class="app-shell" > 
  at <App>
6:02:29 PM [vite] (client) [Unhandled rejection] TypeError: Cannot read properties of undefined (reading 'length')
 > src/views/TemplatesView.vue:139:70
    137 |                  <h2 class="modal-title">{{ previewItem.name }}</h2>
    138 |                  <div class="modal-meta">
    139 |                    <span class="modal-badge-tag">{{ previewItem.slides.length }} 张幻灯片</span>
        |                                                                        ^
    140 |                    <span class="modal-badge-tag">{{ previewItem.duration }}</span>
    141 |                  </div>
 > renderFnWithContext ../node_modules/@vue/runtime-core/dist/runtime-core.esm-bundler.js:702:12
 > renderSlot ../node_modules/@vue/runtime-core/dist/runtime-core.esm-bundler.js:3262:52
 > ../node_modules/@arco-design/web-vue/es/modal/modal.js:104:20
 > Proxy.renderFnWithContext ../node_modules/@vue/runtime-core/dist/runtime-core.esm-bundler.js:702:12
 > Proxy.<anonymous> ../node_modules/@vue/runtime-core/dist/runtime-core.esm-bundler.js:1371:71
 > renderComponentRoot ../node_modules/@vue/runtime-core/dist/runtime-core.esm-bundler.js:4558:15
 > ReactiveEffect.componentUpdateFn [as fn] ../node_modules/@vue/runtime-core/dist/runtime-core.esm-bundler.js:6196:25
 > ReactiveEffect.run ../node_modules/@vue/reactivity/dist/reactivity.esm-bundler.js:239:18
 > ReactiveEffect.runIfDirty ../node_modules/@vue/reactivity/dist/reactivity.esm-bundler.js:277:11

6:03:21 PM [vite] (client) [console.warn] [Vue warn]: Unhandled error during execution of render function 
  at <BaseTransition onAfterEnter=fn<handleOpen> onAfterLeave=fn<handleClose> appear=true  ... > 
  at <Transition name="zoom-modal" appear="" onAfterEnter=fn<handleOpen>  ... > 
  at <ClientOnly> 
  at <Modal visible=false onUpdate:visible=fn width=800  ... > 
  at <TemplatesView onVnodeUnmounted=fn<onVnodeUnmounted> ref=Ref< {} > > 
  at <BaseTransition mode="out-in" appear=false persisted=false  ... > 
  at <Transition name="page" mode="out-in" > 
  at <RouterView> 
  at <Layout class="app-content" > 
  at <Layout class="app-shell" > 
  at <App>
6:03:21 PM [vite] (client) [console.warn] [Vue warn]: Unhandled error during execution of component update 
  at <BaseTransition onAfterEnter=fn<handleOpen> onAfterLeave=fn<handleClose> appear=true  ... > 
  at <Transition name="zoom-modal" appear="" onAfterEnter=fn<handleOpen>  ... > 
  at <ClientOnly> 
  at <Modal visible=false onUpdate:visible=fn width=800  ... > 
  at <TemplatesView onVnodeUnmounted=fn<onVnodeUnmounted> ref=Ref< {} > > 
  at <BaseTransition mode="out-in" appear=false persisted=false  ... > 
  at <Transition name="page" mode="out-in" > 
  at <RouterView> 
  at <Layout class="app-content" > 
  at <Layout class="app-shell" > 
  at <App>
6:03:21 PM [vite] (client) [Unhandled rejection] TypeError: Cannot read properties of undefined (reading '1')
 > src/views/TemplatesView.vue:208:143
    206 |                  </div>
    207 |                </div>
    208 |  ...ient(135deg, ${previewItem.primary} 0%, ${previewItem.colors[1]} 100%)` }" />
        |                                                                 ^
    209 |              </div>
    210 |  
 > renderFnWithContext ../node_modules/@vue/runtime-core/dist/runtime-core.esm-bundler.js:702:12
 > renderSlot ../node_modules/@vue/runtime-core/dist/runtime-core.esm-bundler.js:3262:52
 > ../node_modules/@arco-design/web-vue/es/modal/modal.js:104:20
 > Proxy.renderFnWithContext ../node_modules/@vue/runtime-core/dist/runtime-core.esm-bundler.js:702:12
 > Proxy.<anonymous> ../node_modules/@vue/runtime-core/dist/runtime-core.esm-bundler.js:1371:71
 > renderComponentRoot ../node_modules/@vue/runtime-core/dist/runtime-core.esm-bundler.js:4558:15
 > ReactiveEffect.componentUpdateFn [as fn] ../node_modules/@vue/runtime-core/dist/runtime-core.esm-bundler.js:6196:25
 > ReactiveEffect.run ../node_modules/@vue/reactivity/dist/reactivity.esm-bundler.js:239:18
 > ReactiveEffect.runIfDirty ../node_modules/@vue/reactivity/dist/reactivity.esm-bundler.js:277:11

6:03:31 PM [vite] (client) hmr update /src/views/TemplatesView.vue?vue&type=style&index=1&lang.css
6:05:47 PM [vite] (client) hmr update /src/views/TemplatesView.vue
6:06:12 PM [vite] (client) hmr update /src/views/TemplatesView.vue?vue&type=style&index=0&scoped=fd223622&lang.css
6:07:22 PM [vite] (client) hmr update /src/views/TemplatesView.vue
6:07:45 PM [vite] (client) hmr update /src/views/TemplatesView.vue?vue&type=style&index=0&scoped=fd223622&lang.css
6:11:55 PM [vite] (client) hmr update /src/views/TemplatesView.vue
6:12:04 PM [vite] (client) hmr update /src/views/TemplatesView.vue?vue&type=style&index=0&scoped=fd223622&lang.css
6:15:36 PM [vite] (client) hmr update /src/views/TemplatesView.vue
6:15:53 PM [vite] (client) hmr update /src/views/TemplatesView.vue
6:15:58 PM [vite] (client) hmr update /src/views/TemplatesView.vue
6:16:02 PM [vite] (client) hmr update /src/views/TemplatesView.vue
6:16:07 PM [vite] (client) hmr update /src/views/TemplatesView.vue
6:16:12 PM [vite] (client) hmr update /src/views/TemplatesView.vue
6:16:16 PM [vite] (client) hmr update /src/views/TemplatesView.vue
6:16:21 PM [vite] (client) hmr update /src/views/TemplatesView.vue
6:16:25 PM [vite] (client) hmr update /src/views/TemplatesView.vue
6:16:30 PM [vite] (client) hmr update /src/views/TemplatesView.vue
6:16:35 PM [vite] (client) hmr update /src/views/TemplatesView.vue
6:16:39 PM [vite] (client) hmr update /src/views/TemplatesView.vue
6:16:44 PM [vite] (client) hmr update /src/views/TemplatesView.vue
6:16:48 PM [vite] (client) hmr update /src/views/TemplatesView.vue
6:16:53 PM [vite] (client) hmr update /src/views/TemplatesView.vue
6:16:58 PM [vite] (client) hmr update /src/views/TemplatesView.vue
6:17:02 PM [vite] (client) hmr update /src/views/TemplatesView.vue
6:17:07 PM [vite] (client) hmr update /src/views/TemplatesView.vue
6:17:11 PM [vite] (client) hmr update /src/views/TemplatesView.vue
6:17:16 PM [vite] (client) hmr update /src/views/TemplatesView.vue
6:17:24 PM [vite] (client) hmr update /src/views/TemplatesView.vue
