[   11468ms] [WARNING] [Vue warn]: Missing required prop: "model" 
  at <Form layout="vertical" > 
  at <BaseTransition onAfterEnter=fn<handleOpen> onAfterLeave=fn<handleClose> appear=true  ... > 
  at <Transition name="zoom-modal" appear="" onAfterEnter=fn<handleOpen>  ... > 
  at <ClientOnly> 
  at <Modal visible=false onUpdate:visible=fn title="保存到文档空间"  ... > 
  at <AgentView onVnodeUnmounted=fn<onVnodeUnmounted> ref=Ref< Proxy(Object) > > 
  at <BaseTransition mode="out-in" appear=false persisted=false  ... > 
  at <Transition name="page" mode="out-in" > 
  at <RouterView> 
  at <Layout class="app-content" > 
  at <Layout class="app-shell" > 
  at <App> @ http://127.0.0.1:4173/@vite/client:509
[   11474ms] [WARNING] [Vue warn]: Missing required prop: "model" 
  at <Form layout="vertical" > 
  at <BaseTransition onAfterEnter=fn<handleOpen> onAfterLeave=fn<handleClose> appear=true  ... > 
  at <Transition name="zoom-modal" appear="" onAfterEnter=fn<handleOpen>  ... > 
  at <ClientOnly> 
  at <Modal visible=false onUpdate:visible=fn title="保存到文档空间 (Markdown)"  ... > 
  at <AgentView onVnodeUnmounted=fn<onVnodeUnmounted> ref=Ref< Proxy(Object) > > 
  at <BaseTransition mode="out-in" appear=false persisted=false  ... > 
  at <Transition name="page" mode="out-in" > 
  at <RouterView> 
  at <Layout class="app-content" > 
  at <Layout class="app-shell" > 
  at <App> @ http://127.0.0.1:4173/@vite/client:509
[   29591ms] [LOG] [vite] server connection lost. Polling for restart... @ http://127.0.0.1:4173/@vite/client:968
